<?xml version="1.0" encoding="UTF-8"?>
<!-- Generated by org.testng.reporters.JUnitXMLReporter -->
<testsuite ignored="12" hostname="DESKTOP-0U9J8SO" failures="0" tests="5" name="Test_All" time="37.33" errors="0" timestamp="2022-01-10T22:49:13 GMT">
  <testcase classname="com.mystore.testcases.LoginPageTest" name="loginTest" time="8.936"/>
  <testcase classname="com.mystore.testcases.IndexPageTest" name="verifyLogo" time="0.054"/>
  <testcase classname="com.mystore.testcases.IndexPageTest" name="verifyTitle" time="0.009"/>
  <testcase classname="com.mystore.testcases.HomePageTest" name="orderHistoryAndDetailsTest" time="4.242"/>
  <testcase classname="com.mystore.testcases.HomePageTest" name="wishListTest" time="4.41"/>
  <testcase classname="com.mystore.base.BaseClass" name="@BeforeTest loadConfig" time="0.0">
    <ignored/>
  </testcase> <!-- @BeforeTest loadConfig -->
  <testcase classname="com.mystore.base.BaseClass" name="@BeforeTest loadConfig" time="0.0">
    <ignored/>
  </testcase> <!-- @BeforeTest loadConfig -->
  <testcase classname="com.mystore.base.BaseClass" name="@BeforeTest loadConfig" time="0.0">
    <ignored/>
  </testcase> <!-- @BeforeTest loadConfig -->
  <testcase classname="com.mystore.base.BaseClass" name="@BeforeTest loadConfig" time="0.0">
    <ignored/>
  </testcase> <!-- @BeforeTest loadConfig -->
  <testcase classname="com.mystore.base.BaseClass" name="@BeforeTest loadConfig" time="0.0">
    <ignored/>
  </testcase> <!-- @BeforeTest loadConfig -->
  <testcase classname="com.mystore.base.BaseClass" name="@BeforeTest loadConfig" time="0.0">
    <ignored/>
  </testcase> <!-- @BeforeTest loadConfig -->
  <testcase classname="com.mystore.base.BaseClass" name="@BeforeTest loadConfig" time="0.0">
    <ignored/>
  </testcase> <!-- @BeforeTest loadConfig -->
  <testcase classname="com.mystore.testcases.SearchResultPageTest" name="productAvialabilityTest" time="0.0">
    <ignored/>
  </testcase> <!-- productAvialabilityTest -->
  <testcase classname="com.mystore.testcases.OrderPageTest" name="verifyTotalPrice" time="0.0">
    <ignored/>
  </testcase> <!-- verifyTotalPrice -->
  <testcase classname="com.mystore.testcases.AccountCreationPageTest" name="verifyCreateAccountPageTest" time="0.0">
    <ignored/>
  </testcase> <!-- verifyCreateAccountPageTest -->
  <testcase classname="com.mystore.testcases.AddToCartPageTest" name="addToTestCart" time="0.0">
    <ignored/>
  </testcase> <!-- addToTestCart -->
  <testcase classname="com.mystore.testcases.EndToEndTest" name="endToEndTest" time="0.0">
    <ignored/>
  </testcase> <!-- endToEndTest -->
</testsuite> <!-- Test_All -->
