<?xml version="1.0" encoding="UTF-8"?>
<testng-results ignored="0" total="4" passed="4" failed="0" skipped="0">
  <reporter-output>
  </reporter-output>
  <suite started-at="2022-01-10T22:58:28 GMT" name="Suite" finished-at="2022-01-10T22:58:42 GMT" duration-ms="14160">
    <groups>
      <group name="Smoke">
        <method signature="IndexPageTest.verifyLogo()[pri:0, instance:com.mystore.testcases.IndexPageTest@595b007d]" name="verifyLogo" class="com.mystore.testcases.IndexPageTest"/>
        <method signature="IndexPageTest.verifyTitle()[pri:0, instance:com.mystore.testcases.IndexPageTest@595b007d]" name="verifyTitle" class="com.mystore.testcases.IndexPageTest"/>
        <method signature="IndexPageTest.verifyLogo()[pri:0, instance:com.mystore.testcases.IndexPageTest@5c6648b0]" name="verifyLogo" class="com.mystore.testcases.IndexPageTest"/>
        <method signature="IndexPageTest.verifyTitle()[pri:0, instance:com.mystore.testcases.IndexPageTest@5c6648b0]" name="verifyTitle" class="com.mystore.testcases.IndexPageTest"/>
      </group> <!-- Smoke -->
    </groups>
    <test started-at="2022-01-10T22:58:28 GMT" name="ChromeTest" finished-at="2022-01-10T22:58:37 GMT" duration-ms="8437">
      <class name="com.mystore.testcases.IndexPageTest">
        <test-method is-config="true" signature="loadConfig()[pri:0, instance:com.mystore.testcases.IndexPageTest@595b007d]" started-at="2022-01-10T22:58:28 GMT" name="loadConfig" finished-at="2022-01-10T22:58:28 GMT" duration-ms="4" status="PASS">
          <reporter-output>
          </reporter-output>
        </test-method> <!-- loadConfig -->
        <test-method is-config="true" signature="setup(java.lang.String)[pri:0, instance:com.mystore.testcases.IndexPageTest@595b007d]" started-at="2022-01-10T22:58:28 GMT" name="setup" finished-at="2022-01-10T22:58:32 GMT" duration-ms="4100" status="PASS">
          <params>
            <param index="0">
              <value>
                <![CDATA[Chrome]]>
              </value>
            </param>
          </params>
          <reporter-output>
          </reporter-output>
        </test-method> <!-- setup -->
        <test-method signature="verifyLogo()[pri:0, instance:com.mystore.testcases.IndexPageTest@595b007d]" started-at="2022-01-10T22:58:32 GMT" name="verifyLogo" finished-at="2022-01-10T22:58:33 GMT" duration-ms="107" status="PASS">
          <reporter-output>
          </reporter-output>
        </test-method> <!-- verifyLogo -->
        <test-method is-config="true" signature="tearDown()[pri:0, instance:com.mystore.testcases.IndexPageTest@595b007d]" started-at="2022-01-10T22:58:33 GMT" name="tearDown" finished-at="2022-01-10T22:58:33 GMT" duration-ms="124" status="PASS">
          <reporter-output>
          </reporter-output>
        </test-method> <!-- tearDown -->
        <test-method is-config="true" signature="setup(java.lang.String)[pri:0, instance:com.mystore.testcases.IndexPageTest@595b007d]" started-at="2022-01-10T22:58:33 GMT" name="setup" finished-at="2022-01-10T22:58:37 GMT" duration-ms="3869" status="PASS">
          <params>
            <param index="0">
              <value>
                <![CDATA[Chrome]]>
              </value>
            </param>
          </params>
          <reporter-output>
          </reporter-output>
        </test-method> <!-- setup -->
        <test-method signature="verifyTitle()[pri:0, instance:com.mystore.testcases.IndexPageTest@595b007d]" started-at="2022-01-10T22:58:37 GMT" name="verifyTitle" finished-at="2022-01-10T22:58:37 GMT" duration-ms="10" status="PASS">
          <reporter-output>
          </reporter-output>
        </test-method> <!-- verifyTitle -->
        <test-method is-config="true" signature="tearDown()[pri:0, instance:com.mystore.testcases.IndexPageTest@595b007d]" started-at="2022-01-10T22:58:37 GMT" name="tearDown" finished-at="2022-01-10T22:58:37 GMT" duration-ms="198" status="PASS">
          <reporter-output>
          </reporter-output>
        </test-method> <!-- tearDown -->
      </class> <!-- com.mystore.testcases.IndexPageTest -->
    </test> <!-- ChromeTest -->
    <test started-at="2022-01-10T22:58:28 GMT" name="FireFoxTest" finished-at="2022-01-10T22:58:42 GMT" duration-ms="14160">
      <class name="com.mystore.testcases.IndexPageTest">
        <test-method is-config="true" signature="loadConfig()[pri:0, instance:com.mystore.testcases.IndexPageTest@5c6648b0]" started-at="2022-01-10T22:58:28 GMT" name="loadConfig" finished-at="2022-01-10T22:58:28 GMT" duration-ms="5" status="PASS">
          <reporter-output>
          </reporter-output>
        </test-method> <!-- loadConfig -->
        <test-method is-config="true" signature="setup(java.lang.String)[pri:0, instance:com.mystore.testcases.IndexPageTest@5c6648b0]" started-at="2022-01-10T22:58:28 GMT" name="setup" finished-at="2022-01-10T22:58:36 GMT" duration-ms="7299" status="PASS">
          <params>
            <param index="0">
              <value>
                <![CDATA[Firefox]]>
              </value>
            </param>
          </params>
          <reporter-output>
          </reporter-output>
        </test-method> <!-- setup -->
        <test-method signature="verifyLogo()[pri:0, instance:com.mystore.testcases.IndexPageTest@5c6648b0]" started-at="2022-01-10T22:58:36 GMT" name="verifyLogo" finished-at="2022-01-10T22:58:36 GMT" duration-ms="65" status="PASS">
          <reporter-output>
          </reporter-output>
        </test-method> <!-- verifyLogo -->
        <test-method is-config="true" signature="tearDown()[pri:0, instance:com.mystore.testcases.IndexPageTest@5c6648b0]" started-at="2022-01-10T22:58:36 GMT" name="tearDown" finished-at="2022-01-10T22:58:36 GMT" duration-ms="634" status="PASS">
          <reporter-output>
          </reporter-output>
        </test-method> <!-- tearDown -->
        <test-method is-config="true" signature="setup(java.lang.String)[pri:0, instance:com.mystore.testcases.IndexPageTest@5c6648b0]" started-at="2022-01-10T22:58:36 GMT" name="setup" finished-at="2022-01-10T22:58:42 GMT" duration-ms="5597" status="PASS">
          <params>
            <param index="0">
              <value>
                <![CDATA[Firefox]]>
              </value>
            </param>
          </params>
          <reporter-output>
          </reporter-output>
        </test-method> <!-- setup -->
        <test-method signature="verifyTitle()[pri:0, instance:com.mystore.testcases.IndexPageTest@5c6648b0]" started-at="2022-01-10T22:58:42 GMT" name="verifyTitle" finished-at="2022-01-10T22:58:42 GMT" duration-ms="6" status="PASS">
          <reporter-output>
          </reporter-output>
        </test-method> <!-- verifyTitle -->
        <test-method is-config="true" signature="tearDown()[pri:0, instance:com.mystore.testcases.IndexPageTest@5c6648b0]" started-at="2022-01-10T22:58:42 GMT" name="tearDown" finished-at="2022-01-10T22:58:42 GMT" duration-ms="536" status="PASS">
          <reporter-output>
          </reporter-output>
        </test-method> <!-- tearDown -->
      </class> <!-- com.mystore.testcases.IndexPageTest -->
    </test> <!-- FireFoxTest -->
  </suite> <!-- Suite -->
</testng-results>
